[2026-04-12 19:43:58,896][main_test.py][line:54][INFO] {'workers': 8, 'batch_size': 128, 'seed': 42, 'optim': 'sgd', 'suffix': '', 'dataset': 'cifar10', 'model': 'vgg11', 'time': 4, 'epochs': 200, 'lr': 0.1, 'device': '0', 'special': 'l2', 'beta': 0.0005, 'attack': 'fgsm', 'eps': 8, 'attack_mode': 'bptt', 'alpha': 2, 'steps': 4, 'encoding': 'hypergeometric', 'resume': False, 'TET': False, 'center': False, 'id': 'velibor/HyperEncoding/cifar10-checkpoints/vgg11_hypergeometric_T4_clean.pth'}
[2026-04-12 19:44:00,040][main_test.py][line:82][INFO] loaded data!
[2026-04-12 19:45:10,188][main_test.py][line:54][INFO] {'workers': 8, 'batch_size': 128, 'seed': 42, 'optim': 'sgd', 'suffix': '', 'dataset': 'cifar10', 'model': 'vgg11', 'time': 4, 'epochs': 200, 'lr': 0.1, 'device': '0', 'special': 'l2', 'beta': 0.0005, 'attack': 'fgsm', 'eps': 8, 'attack_mode': 'bptt', 'alpha': 2, 'steps': 4, 'encoding': 'hypergeometric', 'resume': False, 'TET': False, 'center': False, 'id': 'HyperEncoding/cifar10-checkpoints/vgg11_hypergeometric_T4_clean.pth'}
[2026-04-12 19:45:11,332][main_test.py][line:82][INFO] loaded data!
[2026-04-12 19:45:18,649][main_test.py][line:54][INFO] {'workers': 8, 'batch_size': 128, 'seed': 42, 'optim': 'sgd', 'suffix': '', 'dataset': 'cifar10', 'model': 'vgg11', 'time': 4, 'epochs': 200, 'lr': 0.1, 'device': '0', 'special': 'l2', 'beta': 0.0005, 'attack': 'fgsm', 'eps': 8, 'attack_mode': 'bptt', 'alpha': 2, 'steps': 4, 'encoding': 'hypergeometric', 'resume': False, 'TET': False, 'center': False, 'id': 'cifar10-checkpoints/vgg11_hypergeometric_T4_clean.pth'}
[2026-04-12 19:45:19,794][main_test.py][line:82][INFO] loaded data!
[2026-04-12 19:45:20,568][main_test.py][line:86][INFO] loaded saved weights!
[2026-04-12 19:45:20,619][main_test.py][line:91][INFO] model moved to device!
[2026-04-12 19:53:26,279][main_test.py][line:54][INFO] {'workers': 8, 'batch_size': 128, 'seed': 42, 'optim': 'sgd', 'suffix': '', 'dataset': 'cifar10', 'model': 'vgg11', 'time': 4, 'epochs': 200, 'lr': 0.1, 'device': '0', 'special': 'l2', 'beta': 0.0005, 'attack': 'fgsm', 'eps': 8, 'attack_mode': 'bptt', 'alpha': 2, 'steps': 4, 'encoding': 'const', 'resume': False, 'TET': False, 'center': False, 'id': 'cifar10-checkpoints/vgg11_hypergeometric_T4_clean.pth'}
[2026-04-12 19:53:27,423][main_test.py][line:82][INFO] loaded data!
[2026-04-12 19:53:28,208][main_test.py][line:86][INFO] loaded saved weights!
[2026-04-12 19:53:28,259][main_test.py][line:91][INFO] model moved to device!
[2026-04-12 19:54:10,982][main_test.py][line:54][INFO] {'workers': 8, 'batch_size': 128, 'seed': 42, 'optim': 'sgd', 'suffix': '', 'dataset': 'cifar10', 'model': 'vgg11', 'time': 4, 'epochs': 200, 'lr': 0.1, 'device': '0', 'special': 'l2', 'beta': 0.0005, 'attack': 'fgsm', 'eps': 8, 'attack_mode': 'bptt', 'alpha': 2, 'steps': 4, 'encoding': 'const', 'resume': False, 'TET': False, 'center': False, 'id': 'cifar10-checkpoints/vgg11_hypergeometric_T4_clean.pth'}
[2026-04-12 19:54:12,125][main_test.py][line:82][INFO] loaded data!
[2026-04-12 19:54:12,913][main_test.py][line:86][INFO] loaded saved weights!
[2026-04-12 19:54:12,966][main_test.py][line:91][INFO] model moved to device!
[2026-04-12 19:54:38,306][main_test.py][line:54][INFO] {'workers': 8, 'batch_size': 128, 'seed': 42, 'optim': 'sgd', 'suffix': '', 'dataset': 'cifar10', 'model': 'vgg11', 'time': 4, 'epochs': 200, 'lr': 0.1, 'device': '0', 'special': 'l2', 'beta': 0.0005, 'attack': 'fgsm', 'eps': 8, 'attack_mode': 'bptt', 'alpha': 2, 'steps': 4, 'encoding': 'const', 'resume': False, 'TET': False, 'center': False, 'id': 'cifar10-checkpoints/vgg11_hypergeometric_T4_clean.pth'}
[2026-04-12 19:54:39,449][main_test.py][line:82][INFO] loaded data!
[2026-04-12 19:54:40,241][main_test.py][line:86][INFO] loaded saved weights!
[2026-04-12 19:54:40,292][main_test.py][line:91][INFO] model moved to device!
[2026-04-12 19:54:56,928][main_test.py][line:54][INFO] {'workers': 8, 'batch_size': 128, 'seed': 42, 'optim': 'sgd', 'suffix': '', 'dataset': 'cifar10', 'model': 'vgg11', 'time': 4, 'epochs': 200, 'lr': 0.1, 'device': '0', 'special': 'l2', 'beta': 0.0005, 'attack': 'fgsm', 'eps': 8, 'attack_mode': 'bptt', 'alpha': 2, 'steps': 4, 'encoding': 'const', 'resume': False, 'TET': False, 'center': False, 'id': 'cifar10-checkpoints/vgg11_hypergeometric_T4_clean.pth'}
[2026-04-12 19:54:58,073][main_test.py][line:82][INFO] loaded data!
[2026-04-12 19:54:58,859][main_test.py][line:86][INFO] loaded saved weights!
[2026-04-12 19:54:58,910][main_test.py][line:91][INFO] model moved to device!
[2026-04-12 19:54:58,911][main_test.py][line:123][INFO] created attack instance!
[2026-04-12 19:54:58,911][main_test.py][line:124][INFO] start testing!
[2026-04-12 19:57:01,972][main_test.py][line:54][INFO] {'workers': 8, 'batch_size': 128, 'seed': 42, 'optim': 'sgd', 'suffix': '', 'dataset': 'cifar10', 'model': 'vgg11', 'time': 4, 'epochs': 200, 'lr': 0.1, 'device': '0', 'special': 'l2', 'beta': 0.0005, 'attack': 'fgsm', 'eps': 8, 'attack_mode': 'bptt', 'alpha': 2, 'steps': 4, 'encoding': 'const', 'resume': False, 'TET': False, 'center': False, 'id': 'cifar10-checkpoints/vgg11_hypergeometric_T4_clean.pth'}
[2026-04-12 19:57:03,116][main_test.py][line:82][INFO] loaded data!
[2026-04-12 19:57:03,908][main_test.py][line:86][INFO] loaded saved weights!
[2026-04-12 19:57:03,959][main_test.py][line:91][INFO] model moved to device!
[2026-04-12 19:57:03,959][main_test.py][line:123][INFO] created attack instance!
[2026-04-12 19:57:03,959][main_test.py][line:124][INFO] start testing!
[2026-04-12 19:57:27,697][main_test.py][line:54][INFO] {'workers': 8, 'batch_size': 128, 'seed': 42, 'optim': 'sgd', 'suffix': '', 'dataset': 'cifar10', 'model': 'vgg11', 'time': 4, 'epochs': 200, 'lr': 0.1, 'device': '0', 'special': 'l2', 'beta': 0.0005, 'attack': 'fgsm', 'eps': 8, 'attack_mode': 'bptt', 'alpha': 2, 'steps': 4, 'encoding': 'const', 'resume': False, 'TET': False, 'center': False, 'id': 'cifar10-checkpoints/vgg11_hypergeometric_T4_clean.pth'}
[2026-04-12 19:57:28,840][main_test.py][line:82][INFO] loaded data!
[2026-04-12 19:57:29,630][main_test.py][line:86][INFO] loaded saved weights!
[2026-04-12 19:57:29,681][main_test.py][line:91][INFO] model moved to device!
[2026-04-12 19:57:29,682][main_test.py][line:123][INFO] created attack instance!
[2026-04-12 19:57:29,682][main_test.py][line:124][INFO] start testing!
[2026-04-12 19:58:03,522][main_test.py][line:54][INFO] {'workers': 8, 'batch_size': 128, 'seed': 42, 'optim': 'sgd', 'suffix': '', 'dataset': 'cifar10', 'model': 'vgg11', 'time': 4, 'epochs': 200, 'lr': 0.1, 'device': '0', 'special': 'l2', 'beta': 0.0005, 'attack': 'fgsm', 'eps': 8, 'attack_mode': 'bptt', 'alpha': 2, 'steps': 4, 'encoding': 'const', 'resume': False, 'TET': False, 'center': False, 'id': 'cifar10-checkpoints/vgg11_hypergeometric_T4_clean.pth'}
[2026-04-12 19:58:04,674][main_test.py][line:82][INFO] loaded data!
[2026-04-12 19:58:05,463][main_test.py][line:86][INFO] loaded saved weights!
[2026-04-12 19:58:05,521][main_test.py][line:91][INFO] model moved to device!
[2026-04-12 19:58:05,521][main_test.py][line:123][INFO] created attack instance!
[2026-04-12 19:58:05,521][main_test.py][line:124][INFO] start testing!
[2026-04-12 19:58:17,266][main_test.py][line:54][INFO] {'workers': 8, 'batch_size': 128, 'seed': 42, 'optim': 'sgd', 'suffix': '', 'dataset': 'cifar10', 'model': 'vgg11', 'time': 4, 'epochs': 200, 'lr': 0.1, 'device': '0', 'special': 'l2', 'beta': 0.0005, 'attack': 'fgsm', 'eps': 8, 'attack_mode': 'bptt', 'alpha': 2, 'steps': 4, 'encoding': 'const', 'resume': False, 'TET': False, 'center': False, 'id': 'cifar10-checkpoints/vgg11_hypergeometric_T4_clean.pth'}
[2026-04-12 19:58:18,410][main_test.py][line:82][INFO] loaded data!
[2026-04-12 19:58:19,200][main_test.py][line:86][INFO] loaded saved weights!
[2026-04-12 19:58:19,251][main_test.py][line:91][INFO] model moved to device!
[2026-04-12 19:58:19,251][main_test.py][line:123][INFO] created attack instance!
[2026-04-12 19:58:19,251][main_test.py][line:124][INFO] start testing!
[2026-04-12 19:58:37,450][main_test.py][line:54][INFO] {'workers': 8, 'batch_size': 128, 'seed': 42, 'optim': 'sgd', 'suffix': '', 'dataset': 'cifar10', 'model': 'vgg11', 'time': 4, 'epochs': 200, 'lr': 0.1, 'device': '0', 'special': 'l2', 'beta': 0.0005, 'attack': 'fgsm', 'eps': 8, 'attack_mode': 'bptt', 'alpha': 2, 'steps': 4, 'encoding': 'const', 'resume': False, 'TET': False, 'center': False, 'id': 'cifar10-checkpoints/vgg11_hypergeometric_T4_clean.pth'}
[2026-04-12 19:58:38,594][main_test.py][line:82][INFO] loaded data!
[2026-04-12 19:58:39,387][main_test.py][line:86][INFO] loaded saved weights!
[2026-04-12 19:58:39,439][main_test.py][line:91][INFO] model moved to device!
[2026-04-12 19:58:39,439][main_test.py][line:123][INFO] created attack instance!
[2026-04-12 19:58:39,439][main_test.py][line:124][INFO] start testing!
[2026-04-12 19:58:57,145][main_test.py][line:54][INFO] {'workers': 8, 'batch_size': 128, 'seed': 42, 'optim': 'sgd', 'suffix': '', 'dataset': 'cifar10', 'model': 'vgg11', 'time': 4, 'epochs': 200, 'lr': 0.1, 'device': '0', 'special': 'l2', 'beta': 0.0005, 'attack': 'fgsm', 'eps': 8, 'attack_mode': 'bptt', 'alpha': 2, 'steps': 4, 'encoding': 'const', 'resume': False, 'TET': False, 'center': False, 'id': 'cifar10-checkpoints/vgg11_hypergeometric_T4_clean.pth'}
[2026-04-12 19:58:58,290][main_test.py][line:82][INFO] loaded data!
[2026-04-12 19:58:59,090][main_test.py][line:86][INFO] loaded saved weights!
[2026-04-12 19:58:59,142][main_test.py][line:91][INFO] model moved to device!
[2026-04-12 19:58:59,142][main_test.py][line:123][INFO] created attack instance!
[2026-04-12 19:58:59,142][main_test.py][line:124][INFO] start testing!
[2026-04-12 19:59:14,986][main_test.py][line:54][INFO] {'workers': 8, 'batch_size': 128, 'seed': 42, 'optim': 'sgd', 'suffix': '', 'dataset': 'cifar10', 'model': 'vgg11', 'time': 4, 'epochs': 200, 'lr': 0.1, 'device': '0', 'special': 'l2', 'beta': 0.0005, 'attack': 'fgsm', 'eps': 8, 'attack_mode': 'bptt', 'alpha': 2, 'steps': 4, 'encoding': 'const', 'resume': False, 'TET': False, 'center': False, 'id': 'cifar10-checkpoints/vgg11_hypergeometric_T4_clean.pth'}
[2026-04-12 19:59:16,132][main_test.py][line:82][INFO] loaded data!
[2026-04-12 19:59:16,914][main_test.py][line:86][INFO] loaded saved weights!
[2026-04-12 19:59:16,966][main_test.py][line:91][INFO] model moved to device!
[2026-04-12 19:59:16,966][main_test.py][line:123][INFO] created attack instance!
[2026-04-12 19:59:16,966][main_test.py][line:124][INFO] start testing!
[2026-04-12 19:59:26,877][main_test.py][line:127][INFO] Final Test Accu: 35.0
